2015-04-12 11:59:35,461 - Log4JLogChute initialized using file 'velocity.log'
2015-04-12 11:59:35,462 - Velocity was not initialized! Calling init()...
2015-04-12 11:59:35,462 - Starting Apache Velocity v1.5 (compiled: 2007-02-22 08:52:29)
2015-04-12 11:59:35,462 - Default Properties File: org/apache/velocity/runtime/defaults/velocity.properties
2015-04-12 11:59:35,462 - Trying to use logger class org.apache.velocity.runtime.log.AvalonLogChute
2015-04-12 11:59:35,463 - Couldn't find class org.apache.velocity.runtime.log.AvalonLogChute or necessary supporting classes in classpath.
java.lang.NoClassDefFoundError: org/apache/log/format/Formatter
	at java.lang.Class.forName0(Native Method)
	at java.lang.Class.forName(Class.java:348)
	at org.apache.velocity.util.ClassUtils.getClass(ClassUtils.java:63)
	at org.apache.velocity.util.ClassUtils.getNewInstance(ClassUtils.java:95)
	at org.apache.velocity.runtime.log.LogManager.createLogChute(LogManager.java:147)
	at org.apache.velocity.runtime.log.LogManager.updateLog(LogManager.java:208)
	at org.apache.velocity.runtime.RuntimeInstance.initializeLog(RuntimeInstance.java:728)
	at org.apache.velocity.runtime.RuntimeInstance.init(RuntimeInstance.java:240)
	at org.apache.velocity.runtime.RuntimeInstance.parse(RuntimeInstance.java:993)
	at org.apache.velocity.runtime.RuntimeInstance.parse(RuntimeInstance.java:972)
	at org.apache.velocity.runtime.RuntimeSingleton.parse(RuntimeSingleton.java:265)
	at org.apache.velocity.app.Velocity.evaluate(Velocity.java:274)
	at org.sonatype.mavenbook.weather.WeatherFormatter.format(WeatherFormatter.java:21)
	at org.sonatype.mavenbook.weather.yahoo.WeatherFormatterTest.testFormat(WeatherFormatterTest.java:23)
	at sun.reflect.NativeMethodAccessorImpl.invoke0(Native Method)
	at sun.reflect.NativeMethodAccessorImpl.invoke(NativeMethodAccessorImpl.java:62)
	at sun.reflect.DelegatingMethodAccessorImpl.invoke(DelegatingMethodAccessorImpl.java:43)
	at java.lang.reflect.Method.invoke(Method.java:497)
	at junit.framework.TestCase.runTest(TestCase.java:154)
	at junit.framework.TestCase.runBare(TestCase.java:127)
	at junit.framework.TestResult$1.protect(TestResult.java:106)
	at junit.framework.TestResult.runProtected(TestResult.java:124)
	at junit.framework.TestResult.run(TestResult.java:109)
	at junit.framework.TestCase.run(TestCase.java:118)
	at junit.framework.TestSuite.runTest(TestSuite.java:208)
	at junit.framework.TestSuite.run(TestSuite.java:203)
	at sun.reflect.NativeMethodAccessorImpl.invoke0(Native Method)
	at sun.reflect.NativeMethodAccessorImpl.invoke(NativeMethodAccessorImpl.java:62)
	at sun.reflect.DelegatingMethodAccessorImpl.invoke(DelegatingMethodAccessorImpl.java:43)
	at java.lang.reflect.Method.invoke(Method.java:497)
	at org.apache.maven.surefire.junit.JUnitTestSet.execute(JUnitTestSet.java:95)
	at org.apache.maven.surefire.junit.JUnit3Provider.executeTestSet(JUnit3Provider.java:121)
	at org.apache.maven.surefire.junit.JUnit3Provider.invoke(JUnit3Provider.java:98)
	at sun.reflect.NativeMethodAccessorImpl.invoke0(Native Method)
	at sun.reflect.NativeMethodAccessorImpl.invoke(NativeMethodAccessorImpl.java:62)
	at sun.reflect.DelegatingMethodAccessorImpl.invoke(DelegatingMethodAccessorImpl.java:43)
	at java.lang.reflect.Method.invoke(Method.java:497)
	at org.apache.maven.surefire.util.ReflectionUtils.invokeMethodWithArray(ReflectionUtils.java:189)
	at org.apache.maven.surefire.booter.ProviderFactory$ProviderProxy.invoke(ProviderFactory.java:165)
	at org.apache.maven.surefire.booter.ProviderFactory.invokeProvider(ProviderFactory.java:85)
	at org.apache.maven.surefire.booter.ForkedBooter.runSuitesInProcess(ForkedBooter.java:115)
	at org.apache.maven.surefire.booter.ForkedBooter.main(ForkedBooter.java:75)
Caused by: java.lang.ClassNotFoundException: org.apache.log.format.Formatter
	at java.net.URLClassLoader.findClass(URLClassLoader.java:381)
	at java.lang.ClassLoader.loadClass(ClassLoader.java:424)
	at sun.misc.Launcher$AppClassLoader.loadClass(Launcher.java:331)
	at java.lang.ClassLoader.loadClass(ClassLoader.java:357)
	... 42 more
2015-04-12 11:59:35,464 - Trying to use logger class org.apache.velocity.runtime.log.Log4JLogChute
2015-04-12 11:59:35,464 - Using logger class org.apache.velocity.runtime.log.Log4JLogChute
2015-04-12 11:59:35,466 - Default ResourceManager initializing. (class org.apache.velocity.runtime.resource.ResourceManagerImpl)
2015-04-12 11:59:35,468 - ResourceLoader instantiated: org.apache.velocity.runtime.resource.loader.FileResourceLoader
2015-04-12 11:59:35,469 - Do unicode file recognition:  false
2015-04-12 11:59:35,469 - FileResourceLoader : adding path '.'
2015-04-12 11:59:35,481 - ResourceCache: initialized (class org.apache.velocity.runtime.resource.ResourceCacheImpl)
2015-04-12 11:59:35,481 - Loaded System Directive: org.apache.velocity.runtime.directive.Literal
2015-04-12 11:59:35,482 - Loaded System Directive: org.apache.velocity.runtime.directive.Macro
2015-04-12 11:59:35,483 - Loaded System Directive: org.apache.velocity.runtime.directive.Parse
2015-04-12 11:59:35,484 - Loaded System Directive: org.apache.velocity.runtime.directive.Include
2015-04-12 11:59:35,484 - Loaded System Directive: org.apache.velocity.runtime.directive.Foreach
2015-04-12 11:59:35,503 - Created '20' parsers.
2015-04-12 11:59:35,506 - Velocimacro : "velocimacro.library" is not set.  Trying default library: VM_global_library.vm
2015-04-12 11:59:35,507 - Velocimacro : Default library not found.
2015-04-12 11:59:35,507 - Velocimacro : allowInline = true : VMs can be defined inline in templates
2015-04-12 11:59:35,507 - Velocimacro : allowInlineToOverride = false : VMs defined inline may NOT replace previous VM definitions
2015-04-12 11:59:35,507 - Velocimacro : allowInlineLocal = false : VMs defined inline will be global in scope if allowed.
2015-04-12 11:59:35,507 - Velocimacro : autoload off : VM system will not automatically reload global library macros
2015-04-12 12:04:56,629 - Log4JLogChute initialized using file 'velocity.log'
2015-04-12 12:04:56,629 - Velocity was not initialized! Calling init()...
2015-04-12 12:04:56,629 - Starting Apache Velocity v1.5 (compiled: 2007-02-22 08:52:29)
2015-04-12 12:04:56,629 - Default Properties File: org/apache/velocity/runtime/defaults/velocity.properties
2015-04-12 12:04:56,629 - Trying to use logger class org.apache.velocity.runtime.log.AvalonLogChute
2015-04-12 12:04:56,630 - Couldn't find class org.apache.velocity.runtime.log.AvalonLogChute or necessary supporting classes in classpath.
java.lang.NoClassDefFoundError: org/apache/log/format/Formatter
	at java.lang.Class.forName0(Native Method)
	at java.lang.Class.forName(Class.java:348)
	at org.apache.velocity.util.ClassUtils.getClass(ClassUtils.java:63)
	at org.apache.velocity.util.ClassUtils.getNewInstance(ClassUtils.java:95)
	at org.apache.velocity.runtime.log.LogManager.createLogChute(LogManager.java:147)
	at org.apache.velocity.runtime.log.LogManager.updateLog(LogManager.java:208)
	at org.apache.velocity.runtime.RuntimeInstance.initializeLog(RuntimeInstance.java:728)
	at org.apache.velocity.runtime.RuntimeInstance.init(RuntimeInstance.java:240)
	at org.apache.velocity.runtime.RuntimeInstance.parse(RuntimeInstance.java:993)
	at org.apache.velocity.runtime.RuntimeInstance.parse(RuntimeInstance.java:972)
	at org.apache.velocity.runtime.RuntimeSingleton.parse(RuntimeSingleton.java:265)
	at org.apache.velocity.app.Velocity.evaluate(Velocity.java:274)
	at org.sonatype.mavenbook.weather.WeatherFormatter.format(WeatherFormatter.java:21)
	at org.sonatype.mavenbook.weather.yahoo.WeatherFormatterTest.testFormat(WeatherFormatterTest.java:23)
	at sun.reflect.NativeMethodAccessorImpl.invoke0(Native Method)
	at sun.reflect.NativeMethodAccessorImpl.invoke(NativeMethodAccessorImpl.java:62)
	at sun.reflect.DelegatingMethodAccessorImpl.invoke(DelegatingMethodAccessorImpl.java:43)
	at java.lang.reflect.Method.invoke(Method.java:497)
	at junit.framework.TestCase.runTest(TestCase.java:154)
	at junit.framework.TestCase.runBare(TestCase.java:127)
	at junit.framework.TestResult$1.protect(TestResult.java:106)
	at junit.framework.TestResult.runProtected(TestResult.java:124)
	at junit.framework.TestResult.run(TestResult.java:109)
	at junit.framework.TestCase.run(TestCase.java:118)
	at junit.framework.TestSuite.runTest(TestSuite.java:208)
	at junit.framework.TestSuite.run(TestSuite.java:203)
	at sun.reflect.NativeMethodAccessorImpl.invoke0(Native Method)
	at sun.reflect.NativeMethodAccessorImpl.invoke(NativeMethodAccessorImpl.java:62)
	at sun.reflect.DelegatingMethodAccessorImpl.invoke(DelegatingMethodAccessorImpl.java:43)
	at java.lang.reflect.Method.invoke(Method.java:497)
	at org.apache.maven.surefire.junit.JUnitTestSet.execute(JUnitTestSet.java:95)
	at org.apache.maven.surefire.junit.JUnit3Provider.executeTestSet(JUnit3Provider.java:121)
	at org.apache.maven.surefire.junit.JUnit3Provider.invoke(JUnit3Provider.java:98)
	at sun.reflect.NativeMethodAccessorImpl.invoke0(Native Method)
	at sun.reflect.NativeMethodAccessorImpl.invoke(NativeMethodAccessorImpl.java:62)
	at sun.reflect.DelegatingMethodAccessorImpl.invoke(DelegatingMethodAccessorImpl.java:43)
	at java.lang.reflect.Method.invoke(Method.java:497)
	at org.apache.maven.surefire.util.ReflectionUtils.invokeMethodWithArray(ReflectionUtils.java:189)
	at org.apache.maven.surefire.booter.ProviderFactory$ProviderProxy.invoke(ProviderFactory.java:165)
	at org.apache.maven.surefire.booter.ProviderFactory.invokeProvider(ProviderFactory.java:85)
	at org.apache.maven.surefire.booter.ForkedBooter.runSuitesInProcess(ForkedBooter.java:115)
	at org.apache.maven.surefire.booter.ForkedBooter.main(ForkedBooter.java:75)
Caused by: java.lang.ClassNotFoundException: org.apache.log.format.Formatter
	at java.net.URLClassLoader.findClass(URLClassLoader.java:381)
	at java.lang.ClassLoader.loadClass(ClassLoader.java:424)
	at sun.misc.Launcher$AppClassLoader.loadClass(Launcher.java:331)
	at java.lang.ClassLoader.loadClass(ClassLoader.java:357)
	... 42 more
2015-04-12 12:04:56,631 - Trying to use logger class org.apache.velocity.runtime.log.Log4JLogChute
2015-04-12 12:04:56,631 - Using logger class org.apache.velocity.runtime.log.Log4JLogChute
2015-04-12 12:04:56,632 - Default ResourceManager initializing. (class org.apache.velocity.runtime.resource.ResourceManagerImpl)
2015-04-12 12:04:56,634 - ResourceLoader instantiated: org.apache.velocity.runtime.resource.loader.FileResourceLoader
2015-04-12 12:04:56,634 - Do unicode file recognition:  false
2015-04-12 12:04:56,635 - FileResourceLoader : adding path '.'
2015-04-12 12:04:56,641 - ResourceCache: initialized (class org.apache.velocity.runtime.resource.ResourceCacheImpl)
2015-04-12 12:04:56,642 - Loaded System Directive: org.apache.velocity.runtime.directive.Literal
2015-04-12 12:04:56,642 - Loaded System Directive: org.apache.velocity.runtime.directive.Macro
2015-04-12 12:04:56,643 - Loaded System Directive: org.apache.velocity.runtime.directive.Parse
2015-04-12 12:04:56,643 - Loaded System Directive: org.apache.velocity.runtime.directive.Include
2015-04-12 12:04:56,644 - Loaded System Directive: org.apache.velocity.runtime.directive.Foreach
2015-04-12 12:04:56,658 - Created '20' parsers.
2015-04-12 12:04:56,661 - Velocimacro : "velocimacro.library" is not set.  Trying default library: VM_global_library.vm
2015-04-12 12:04:56,661 - Velocimacro : Default library not found.
2015-04-12 12:04:56,661 - Velocimacro : allowInline = true : VMs can be defined inline in templates
2015-04-12 12:04:56,662 - Velocimacro : allowInlineToOverride = false : VMs defined inline may NOT replace previous VM definitions
2015-04-12 12:04:56,662 - Velocimacro : allowInlineLocal = false : VMs defined inline will be global in scope if allowed.
2015-04-12 12:04:56,662 - Velocimacro : autoload off : VM system will not automatically reload global library macros
2015-04-12 12:09:09,640 - Log4JLogChute initialized using file 'velocity.log'
2015-04-12 12:09:09,641 - Velocity was not initialized! Calling init()...
2015-04-12 12:09:09,641 - Starting Apache Velocity v1.5 (compiled: 2007-02-22 08:52:29)
2015-04-12 12:09:09,641 - Default Properties File: org/apache/velocity/runtime/defaults/velocity.properties
2015-04-12 12:09:09,641 - Trying to use logger class org.apache.velocity.runtime.log.AvalonLogChute
2015-04-12 12:09:09,642 - Couldn't find class org.apache.velocity.runtime.log.AvalonLogChute or necessary supporting classes in classpath.
java.lang.NoClassDefFoundError: org/apache/log/format/Formatter
	at java.lang.Class.forName0(Native Method)
	at java.lang.Class.forName(Class.java:348)
	at org.apache.velocity.util.ClassUtils.getClass(ClassUtils.java:63)
	at org.apache.velocity.util.ClassUtils.getNewInstance(ClassUtils.java:95)
	at org.apache.velocity.runtime.log.LogManager.createLogChute(LogManager.java:147)
	at org.apache.velocity.runtime.log.LogManager.updateLog(LogManager.java:208)
	at org.apache.velocity.runtime.RuntimeInstance.initializeLog(RuntimeInstance.java:728)
	at org.apache.velocity.runtime.RuntimeInstance.init(RuntimeInstance.java:240)
	at org.apache.velocity.runtime.RuntimeInstance.parse(RuntimeInstance.java:993)
	at org.apache.velocity.runtime.RuntimeInstance.parse(RuntimeInstance.java:972)
	at org.apache.velocity.runtime.RuntimeSingleton.parse(RuntimeSingleton.java:265)
	at org.apache.velocity.app.Velocity.evaluate(Velocity.java:274)
	at org.sonatype.mavenbook.weather.WeatherFormatter.format(WeatherFormatter.java:21)
	at org.sonatype.mavenbook.weather.yahoo.WeatherFormatterTest.testFormat(WeatherFormatterTest.java:23)
	at sun.reflect.NativeMethodAccessorImpl.invoke0(Native Method)
	at sun.reflect.NativeMethodAccessorImpl.invoke(NativeMethodAccessorImpl.java:62)
	at sun.reflect.DelegatingMethodAccessorImpl.invoke(DelegatingMethodAccessorImpl.java:43)
	at java.lang.reflect.Method.invoke(Method.java:497)
	at junit.framework.TestCase.runTest(TestCase.java:154)
	at junit.framework.TestCase.runBare(TestCase.java:127)
	at junit.framework.TestResult$1.protect(TestResult.java:106)
	at junit.framework.TestResult.runProtected(TestResult.java:124)
	at junit.framework.TestResult.run(TestResult.java:109)
	at junit.framework.TestCase.run(TestCase.java:118)
	at junit.framework.TestSuite.runTest(TestSuite.java:208)
	at junit.framework.TestSuite.run(TestSuite.java:203)
	at sun.reflect.NativeMethodAccessorImpl.invoke0(Native Method)
	at sun.reflect.NativeMethodAccessorImpl.invoke(NativeMethodAccessorImpl.java:62)
	at sun.reflect.DelegatingMethodAccessorImpl.invoke(DelegatingMethodAccessorImpl.java:43)
	at java.lang.reflect.Method.invoke(Method.java:497)
	at org.apache.maven.surefire.junit.JUnitTestSet.execute(JUnitTestSet.java:95)
	at org.apache.maven.surefire.junit.JUnit3Provider.executeTestSet(JUnit3Provider.java:121)
	at org.apache.maven.surefire.junit.JUnit3Provider.invoke(JUnit3Provider.java:98)
	at sun.reflect.NativeMethodAccessorImpl.invoke0(Native Method)
	at sun.reflect.NativeMethodAccessorImpl.invoke(NativeMethodAccessorImpl.java:62)
	at sun.reflect.DelegatingMethodAccessorImpl.invoke(DelegatingMethodAccessorImpl.java:43)
	at java.lang.reflect.Method.invoke(Method.java:497)
	at org.apache.maven.surefire.util.ReflectionUtils.invokeMethodWithArray(ReflectionUtils.java:189)
	at org.apache.maven.surefire.booter.ProviderFactory$ProviderProxy.invoke(ProviderFactory.java:165)
	at org.apache.maven.surefire.booter.ProviderFactory.invokeProvider(ProviderFactory.java:85)
	at org.apache.maven.surefire.booter.ForkedBooter.runSuitesInProcess(ForkedBooter.java:115)
	at org.apache.maven.surefire.booter.ForkedBooter.main(ForkedBooter.java:75)
Caused by: java.lang.ClassNotFoundException: org.apache.log.format.Formatter
	at java.net.URLClassLoader.findClass(URLClassLoader.java:381)
	at java.lang.ClassLoader.loadClass(ClassLoader.java:424)
	at sun.misc.Launcher$AppClassLoader.loadClass(Launcher.java:331)
	at java.lang.ClassLoader.loadClass(ClassLoader.java:357)
	... 42 more
2015-04-12 12:09:09,643 - Trying to use logger class org.apache.velocity.runtime.log.Log4JLogChute
2015-04-12 12:09:09,643 - Using logger class org.apache.velocity.runtime.log.Log4JLogChute
2015-04-12 12:09:09,644 - Default ResourceManager initializing. (class org.apache.velocity.runtime.resource.ResourceManagerImpl)
2015-04-12 12:09:09,646 - ResourceLoader instantiated: org.apache.velocity.runtime.resource.loader.FileResourceLoader
2015-04-12 12:09:09,646 - Do unicode file recognition:  false
2015-04-12 12:09:09,646 - FileResourceLoader : adding path '.'
2015-04-12 12:09:09,653 - ResourceCache: initialized (class org.apache.velocity.runtime.resource.ResourceCacheImpl)
2015-04-12 12:09:09,654 - Loaded System Directive: org.apache.velocity.runtime.directive.Literal
2015-04-12 12:09:09,655 - Loaded System Directive: org.apache.velocity.runtime.directive.Macro
2015-04-12 12:09:09,655 - Loaded System Directive: org.apache.velocity.runtime.directive.Parse
2015-04-12 12:09:09,656 - Loaded System Directive: org.apache.velocity.runtime.directive.Include
2015-04-12 12:09:09,656 - Loaded System Directive: org.apache.velocity.runtime.directive.Foreach
2015-04-12 12:09:09,672 - Created '20' parsers.
2015-04-12 12:09:09,675 - Velocimacro : "velocimacro.library" is not set.  Trying default library: VM_global_library.vm
2015-04-12 12:09:09,675 - Velocimacro : Default library not found.
2015-04-12 12:09:09,675 - Velocimacro : allowInline = true : VMs can be defined inline in templates
2015-04-12 12:09:09,675 - Velocimacro : allowInlineToOverride = false : VMs defined inline may NOT replace previous VM definitions
2015-04-12 12:09:09,675 - Velocimacro : allowInlineLocal = false : VMs defined inline will be global in scope if allowed.
2015-04-12 12:09:09,675 - Velocimacro : autoload off : VM system will not automatically reload global library macros
