2015-04-10 14:18:53,415 - Log4JLogChute initialized using file 'velocity.log'
2015-04-10 14:18:53,416 - Velocity was not initialized! Calling init()...
2015-04-10 14:18:53,416 - Starting Apache Velocity v1.5 (compiled: 2007-02-22 08:52:29)
2015-04-10 14:18:53,416 - Default Properties File: org/apache/velocity/runtime/defaults/velocity.properties
2015-04-10 14:18:53,416 - Trying to use logger class org.apache.velocity.runtime.log.AvalonLogChute
2015-04-10 14:18:53,417 - Couldn't find class org.apache.velocity.runtime.log.AvalonLogChute or necessary supporting classes in classpath.
java.lang.NoClassDefFoundError: org/apache/log/format/Formatter
	at java.lang.Class.forName0(Native Method)
	at java.lang.Class.forName(Class.java:348)
	at org.apache.velocity.util.ClassUtils.getClass(ClassUtils.java:63)
	at org.apache.velocity.util.ClassUtils.getNewInstance(ClassUtils.java:95)
	at org.apache.velocity.runtime.log.LogManager.createLogChute(LogManager.java:147)
	at org.apache.velocity.runtime.log.LogManager.updateLog(LogManager.java:208)
	at org.apache.velocity.runtime.RuntimeInstance.initializeLog(RuntimeInstance.java:728)
	at org.apache.velocity.runtime.RuntimeInstance.init(RuntimeInstance.java:240)
	at org.apache.velocity.runtime.RuntimeInstance.parse(RuntimeInstance.java:993)
	at org.apache.velocity.runtime.RuntimeInstance.parse(RuntimeInstance.java:972)
	at org.apache.velocity.runtime.RuntimeSingleton.parse(RuntimeSingleton.java:265)
	at org.apache.velocity.app.Velocity.evaluate(Velocity.java:274)
	at org.sonatype.mavenbook.weather.WeatherFormatter.format(WeatherFormatter.java:21)
	at org.sonatype.mavenbook.weather.WeatherFormatterTest.testFormat(WeatherFormatterTest.java:23)
	at sun.reflect.NativeMethodAccessorImpl.invoke0(Native Method)
	at sun.reflect.NativeMethodAccessorImpl.invoke(NativeMethodAccessorImpl.java:62)
	at sun.reflect.DelegatingMethodAccessorImpl.invoke(DelegatingMethodAccessorImpl.java:43)
	at java.lang.reflect.Method.invoke(Method.java:497)
	at junit.framework.TestCase.runTest(TestCase.java:154)
	at junit.framework.TestCase.runBare(TestCase.java:127)
	at junit.framework.TestResult$1.protect(TestResult.java:106)
	at junit.framework.TestResult.runProtected(TestResult.java:124)
	at junit.framework.TestResult.run(TestResult.java:109)
	at junit.framework.TestCase.run(TestCase.java:118)
	at junit.framework.TestSuite.runTest(TestSuite.java:208)
	at junit.framework.TestSuite.run(TestSuite.java:203)
	at org.eclipse.jdt.internal.junit.runner.junit3.JUnit3TestReference.run(JUnit3TestReference.java:131)
	at org.eclipse.jdt.internal.junit.runner.TestExecution.run(TestExecution.java:38)
	at org.eclipse.jdt.internal.junit.runner.RemoteTestRunner.runTests(RemoteTestRunner.java:459)
	at org.eclipse.jdt.internal.junit.runner.RemoteTestRunner.runTests(RemoteTestRunner.java:675)
	at org.eclipse.jdt.internal.junit.runner.RemoteTestRunner.run(RemoteTestRunner.java:382)
	at org.eclipse.jdt.internal.junit.runner.RemoteTestRunner.main(RemoteTestRunner.java:192)
Caused by: java.lang.ClassNotFoundException: org.apache.log.format.Formatter
	at java.net.URLClassLoader.findClass(URLClassLoader.java:381)
	at java.lang.ClassLoader.loadClass(ClassLoader.java:424)
	at sun.misc.Launcher$AppClassLoader.loadClass(Launcher.java:331)
	at java.lang.ClassLoader.loadClass(ClassLoader.java:357)
	... 32 more
2015-04-10 14:18:53,418 - Trying to use logger class org.apache.velocity.runtime.log.Log4JLogChute
2015-04-10 14:18:53,418 - Using logger class org.apache.velocity.runtime.log.Log4JLogChute
2015-04-10 14:18:53,420 - Default ResourceManager initializing. (class org.apache.velocity.runtime.resource.ResourceManagerImpl)
2015-04-10 14:18:53,423 - ResourceLoader instantiated: org.apache.velocity.runtime.resource.loader.FileResourceLoader
2015-04-10 14:18:53,423 - Do unicode file recognition:  false
2015-04-10 14:18:53,423 - FileResourceLoader : adding path '.'
2015-04-10 14:18:53,433 - ResourceCache: initialized (class org.apache.velocity.runtime.resource.ResourceCacheImpl)
2015-04-10 14:18:53,434 - Loaded System Directive: org.apache.velocity.runtime.directive.Literal
2015-04-10 14:18:53,436 - Loaded System Directive: org.apache.velocity.runtime.directive.Macro
2015-04-10 14:18:53,437 - Loaded System Directive: org.apache.velocity.runtime.directive.Parse
2015-04-10 14:18:53,437 - Loaded System Directive: org.apache.velocity.runtime.directive.Include
2015-04-10 14:18:53,438 - Loaded System Directive: org.apache.velocity.runtime.directive.Foreach
2015-04-10 14:18:53,460 - Created '20' parsers.
2015-04-10 14:18:53,464 - Velocimacro : "velocimacro.library" is not set.  Trying default library: VM_global_library.vm
2015-04-10 14:18:53,464 - Velocimacro : Default library not found.
2015-04-10 14:18:53,464 - Velocimacro : allowInline = true : VMs can be defined inline in templates
2015-04-10 14:18:53,464 - Velocimacro : allowInlineToOverride = false : VMs defined inline may NOT replace previous VM definitions
2015-04-10 14:18:53,464 - Velocimacro : allowInlineLocal = false : VMs defined inline will be global in scope if allowed.
2015-04-10 14:18:53,464 - Velocimacro : autoload off : VM system will not automatically reload global library macros
2015-04-10 14:20:30,129 - Log4JLogChute initialized using file 'velocity.log'
2015-04-10 14:20:30,129 - Velocity was not initialized! Calling init()...
2015-04-10 14:20:30,129 - Starting Apache Velocity v1.5 (compiled: 2007-02-22 08:52:29)
2015-04-10 14:20:30,129 - Default Properties File: org/apache/velocity/runtime/defaults/velocity.properties
2015-04-10 14:20:30,129 - Trying to use logger class org.apache.velocity.runtime.log.AvalonLogChute
2015-04-10 14:20:30,130 - Couldn't find class org.apache.velocity.runtime.log.AvalonLogChute or necessary supporting classes in classpath.
java.lang.NoClassDefFoundError: org/apache/log/format/Formatter
	at java.lang.Class.forName0(Native Method)
	at java.lang.Class.forName(Class.java:348)
	at org.apache.velocity.util.ClassUtils.getClass(ClassUtils.java:63)
	at org.apache.velocity.util.ClassUtils.getNewInstance(ClassUtils.java:95)
	at org.apache.velocity.runtime.log.LogManager.createLogChute(LogManager.java:147)
	at org.apache.velocity.runtime.log.LogManager.updateLog(LogManager.java:208)
	at org.apache.velocity.runtime.RuntimeInstance.initializeLog(RuntimeInstance.java:728)
	at org.apache.velocity.runtime.RuntimeInstance.init(RuntimeInstance.java:240)
	at org.apache.velocity.runtime.RuntimeInstance.parse(RuntimeInstance.java:993)
	at org.apache.velocity.runtime.RuntimeInstance.parse(RuntimeInstance.java:972)
	at org.apache.velocity.runtime.RuntimeSingleton.parse(RuntimeSingleton.java:265)
	at org.apache.velocity.app.Velocity.evaluate(Velocity.java:274)
	at org.sonatype.mavenbook.weather.WeatherFormatter.format(WeatherFormatter.java:21)
	at org.sonatype.mavenbook.weather.WeatherFormatterTest.testFormat(WeatherFormatterTest.java:23)
	at sun.reflect.NativeMethodAccessorImpl.invoke0(Native Method)
	at sun.reflect.NativeMethodAccessorImpl.invoke(NativeMethodAccessorImpl.java:62)
	at sun.reflect.DelegatingMethodAccessorImpl.invoke(DelegatingMethodAccessorImpl.java:43)
	at java.lang.reflect.Method.invoke(Method.java:497)
	at junit.framework.TestCase.runTest(TestCase.java:154)
	at junit.framework.TestCase.runBare(TestCase.java:127)
	at junit.framework.TestResult$1.protect(TestResult.java:106)
	at junit.framework.TestResult.runProtected(TestResult.java:124)
	at junit.framework.TestResult.run(TestResult.java:109)
	at junit.framework.TestCase.run(TestCase.java:118)
	at junit.framework.TestSuite.runTest(TestSuite.java:208)
	at junit.framework.TestSuite.run(TestSuite.java:203)
	at sun.reflect.NativeMethodAccessorImpl.invoke0(Native Method)
	at sun.reflect.NativeMethodAccessorImpl.invoke(NativeMethodAccessorImpl.java:62)
	at sun.reflect.DelegatingMethodAccessorImpl.invoke(DelegatingMethodAccessorImpl.java:43)
	at java.lang.reflect.Method.invoke(Method.java:497)
	at org.apache.maven.surefire.junit.JUnitTestSet.execute(JUnitTestSet.java:95)
	at org.apache.maven.surefire.junit.JUnit3Provider.executeTestSet(JUnit3Provider.java:121)
	at org.apache.maven.surefire.junit.JUnit3Provider.invoke(JUnit3Provider.java:98)
	at sun.reflect.NativeMethodAccessorImpl.invoke0(Native Method)
	at sun.reflect.NativeMethodAccessorImpl.invoke(NativeMethodAccessorImpl.java:62)
	at sun.reflect.DelegatingMethodAccessorImpl.invoke(DelegatingMethodAccessorImpl.java:43)
	at java.lang.reflect.Method.invoke(Method.java:497)
	at org.apache.maven.surefire.util.ReflectionUtils.invokeMethodWithArray(ReflectionUtils.java:189)
	at org.apache.maven.surefire.booter.ProviderFactory$ProviderProxy.invoke(ProviderFactory.java:165)
	at org.apache.maven.surefire.booter.ProviderFactory.invokeProvider(ProviderFactory.java:85)
	at org.apache.maven.surefire.booter.ForkedBooter.runSuitesInProcess(ForkedBooter.java:115)
	at org.apache.maven.surefire.booter.ForkedBooter.main(ForkedBooter.java:75)
Caused by: java.lang.ClassNotFoundException: org.apache.log.format.Formatter
	at java.net.URLClassLoader.findClass(URLClassLoader.java:381)
	at java.lang.ClassLoader.loadClass(ClassLoader.java:424)
	at sun.misc.Launcher$AppClassLoader.loadClass(Launcher.java:331)
	at java.lang.ClassLoader.loadClass(ClassLoader.java:357)
	... 42 more
2015-04-10 14:20:30,131 - Trying to use logger class org.apache.velocity.runtime.log.Log4JLogChute
2015-04-10 14:20:30,131 - Using logger class org.apache.velocity.runtime.log.Log4JLogChute
2015-04-10 14:20:30,132 - Default ResourceManager initializing. (class org.apache.velocity.runtime.resource.ResourceManagerImpl)
2015-04-10 14:20:30,134 - ResourceLoader instantiated: org.apache.velocity.runtime.resource.loader.FileResourceLoader
2015-04-10 14:20:30,135 - Do unicode file recognition:  false
2015-04-10 14:20:30,135 - FileResourceLoader : adding path '.'
2015-04-10 14:20:30,142 - ResourceCache: initialized (class org.apache.velocity.runtime.resource.ResourceCacheImpl)
2015-04-10 14:20:30,143 - Loaded System Directive: org.apache.velocity.runtime.directive.Literal
2015-04-10 14:20:30,144 - Loaded System Directive: org.apache.velocity.runtime.directive.Macro
2015-04-10 14:20:30,144 - Loaded System Directive: org.apache.velocity.runtime.directive.Parse
2015-04-10 14:20:30,145 - Loaded System Directive: org.apache.velocity.runtime.directive.Include
2015-04-10 14:20:30,146 - Loaded System Directive: org.apache.velocity.runtime.directive.Foreach
2015-04-10 14:20:30,163 - Created '20' parsers.
2015-04-10 14:20:30,166 - Velocimacro : "velocimacro.library" is not set.  Trying default library: VM_global_library.vm
2015-04-10 14:20:30,166 - Velocimacro : Default library not found.
2015-04-10 14:20:30,166 - Velocimacro : allowInline = true : VMs can be defined inline in templates
2015-04-10 14:20:30,166 - Velocimacro : allowInlineToOverride = false : VMs defined inline may NOT replace previous VM definitions
2015-04-10 14:20:30,166 - Velocimacro : allowInlineLocal = false : VMs defined inline will be global in scope if allowed.
2015-04-10 14:20:30,166 - Velocimacro : autoload off : VM system will not automatically reload global library macros
2015-04-10 14:32:10,966 - Log4JLogChute initialized using file 'velocity.log'
2015-04-10 14:32:10,967 - Velocity was not initialized! Calling init()...
2015-04-10 14:32:10,968 - Starting Apache Velocity v1.5 (compiled: 2007-02-22 08:52:29)
2015-04-10 14:32:10,968 - Default Properties File: org/apache/velocity/runtime/defaults/velocity.properties
2015-04-10 14:32:10,968 - Trying to use logger class org.apache.velocity.runtime.log.AvalonLogChute
2015-04-10 14:32:10,971 - Couldn't find class org.apache.velocity.runtime.log.AvalonLogChute or necessary supporting classes in classpath.
java.lang.NoClassDefFoundError: org/apache/log/format/Formatter
	at java.lang.Class.forName0(Native Method)
	at java.lang.Class.forName(Class.java:348)
	at org.apache.velocity.util.ClassUtils.getClass(ClassUtils.java:63)
	at org.apache.velocity.util.ClassUtils.getNewInstance(ClassUtils.java:95)
	at org.apache.velocity.runtime.log.LogManager.createLogChute(LogManager.java:147)
	at org.apache.velocity.runtime.log.LogManager.updateLog(LogManager.java:208)
	at org.apache.velocity.runtime.RuntimeInstance.initializeLog(RuntimeInstance.java:728)
	at org.apache.velocity.runtime.RuntimeInstance.init(RuntimeInstance.java:240)
	at org.apache.velocity.runtime.RuntimeInstance.parse(RuntimeInstance.java:993)
	at org.apache.velocity.runtime.RuntimeInstance.parse(RuntimeInstance.java:972)
	at org.apache.velocity.runtime.RuntimeSingleton.parse(RuntimeSingleton.java:265)
	at org.apache.velocity.app.Velocity.evaluate(Velocity.java:274)
	at org.sonatype.mavenbook.weather.WeatherFormatter.format(WeatherFormatter.java:21)
	at org.sonatype.mavenbook.weather.WeatherFormatterTest.testFormat(WeatherFormatterTest.java:23)
	at sun.reflect.NativeMethodAccessorImpl.invoke0(Native Method)
	at sun.reflect.NativeMethodAccessorImpl.invoke(NativeMethodAccessorImpl.java:62)
	at sun.reflect.DelegatingMethodAccessorImpl.invoke(DelegatingMethodAccessorImpl.java:43)
	at java.lang.reflect.Method.invoke(Method.java:497)
	at junit.framework.TestCase.runTest(TestCase.java:154)
	at junit.framework.TestCase.runBare(TestCase.java:127)
	at junit.framework.TestResult$1.protect(TestResult.java:106)
	at junit.framework.TestResult.runProtected(TestResult.java:124)
	at junit.framework.TestResult.run(TestResult.java:109)
	at junit.framework.TestCase.run(TestCase.java:118)
	at junit.framework.TestSuite.runTest(TestSuite.java:208)
	at junit.framework.TestSuite.run(TestSuite.java:203)
	at org.eclipse.jdt.internal.junit.runner.junit3.JUnit3TestReference.run(JUnit3TestReference.java:131)
	at org.eclipse.jdt.internal.junit.runner.TestExecution.run(TestExecution.java:38)
	at org.eclipse.jdt.internal.junit.runner.RemoteTestRunner.runTests(RemoteTestRunner.java:459)
	at org.eclipse.jdt.internal.junit.runner.RemoteTestRunner.runTests(RemoteTestRunner.java:675)
	at org.eclipse.jdt.internal.junit.runner.RemoteTestRunner.run(RemoteTestRunner.java:382)
	at org.eclipse.jdt.internal.junit.runner.RemoteTestRunner.main(RemoteTestRunner.java:192)
Caused by: java.lang.ClassNotFoundException: org.apache.log.format.Formatter
	at java.net.URLClassLoader.findClass(URLClassLoader.java:381)
	at java.lang.ClassLoader.loadClass(ClassLoader.java:424)
	at sun.misc.Launcher$AppClassLoader.loadClass(Launcher.java:331)
	at java.lang.ClassLoader.loadClass(ClassLoader.java:357)
	... 32 more
2015-04-10 14:32:10,978 - Trying to use logger class org.apache.velocity.runtime.log.Log4JLogChute
2015-04-10 14:32:10,978 - Using logger class org.apache.velocity.runtime.log.Log4JLogChute
2015-04-10 14:32:10,982 - Default ResourceManager initializing. (class org.apache.velocity.runtime.resource.ResourceManagerImpl)
2015-04-10 14:32:10,990 - ResourceLoader instantiated: org.apache.velocity.runtime.resource.loader.FileResourceLoader
2015-04-10 14:32:10,993 - Do unicode file recognition:  false
2015-04-10 14:32:10,993 - FileResourceLoader : adding path '.'
2015-04-10 14:32:11,020 - ResourceCache: initialized (class org.apache.velocity.runtime.resource.ResourceCacheImpl)
2015-04-10 14:32:11,024 - Loaded System Directive: org.apache.velocity.runtime.directive.Literal
2015-04-10 14:32:11,027 - Loaded System Directive: org.apache.velocity.runtime.directive.Macro
2015-04-10 14:32:11,032 - Loaded System Directive: org.apache.velocity.runtime.directive.Parse
2015-04-10 14:32:11,035 - Loaded System Directive: org.apache.velocity.runtime.directive.Include
2015-04-10 14:32:11,037 - Loaded System Directive: org.apache.velocity.runtime.directive.Foreach
2015-04-10 14:32:11,081 - Created '20' parsers.
2015-04-10 14:32:11,099 - Velocimacro : "velocimacro.library" is not set.  Trying default library: VM_global_library.vm
2015-04-10 14:32:11,099 - Velocimacro : Default library not found.
2015-04-10 14:32:11,099 - Velocimacro : allowInline = true : VMs can be defined inline in templates
2015-04-10 14:32:11,099 - Velocimacro : allowInlineToOverride = false : VMs defined inline may NOT replace previous VM definitions
2015-04-10 14:32:11,099 - Velocimacro : allowInlineLocal = false : VMs defined inline will be global in scope if allowed.
2015-04-10 14:32:11,100 - Velocimacro : autoload off : VM system will not automatically reload global library macros
2015-04-11 17:07:05,329 - Log4JLogChute initialized using file 'velocity.log'
2015-04-11 17:07:05,330 - Velocity was not initialized! Calling init()...
2015-04-11 17:07:05,330 - Starting Apache Velocity v1.5 (compiled: 2007-02-22 08:52:29)
2015-04-11 17:07:05,330 - Default Properties File: org/apache/velocity/runtime/defaults/velocity.properties
2015-04-11 17:07:05,330 - Trying to use logger class org.apache.velocity.runtime.log.AvalonLogChute
2015-04-11 17:07:05,331 - Couldn't find class org.apache.velocity.runtime.log.AvalonLogChute or necessary supporting classes in classpath.
java.lang.NoClassDefFoundError: org/apache/log/format/Formatter
	at java.lang.Class.forName0(Native Method)
	at java.lang.Class.forName(Class.java:348)
	at org.apache.velocity.util.ClassUtils.getClass(ClassUtils.java:63)
	at org.apache.velocity.util.ClassUtils.getNewInstance(ClassUtils.java:95)
	at org.apache.velocity.runtime.log.LogManager.createLogChute(LogManager.java:147)
	at org.apache.velocity.runtime.log.LogManager.updateLog(LogManager.java:208)
	at org.apache.velocity.runtime.RuntimeInstance.initializeLog(RuntimeInstance.java:728)
	at org.apache.velocity.runtime.RuntimeInstance.init(RuntimeInstance.java:240)
	at org.apache.velocity.runtime.RuntimeInstance.parse(RuntimeInstance.java:993)
	at org.apache.velocity.runtime.RuntimeInstance.parse(RuntimeInstance.java:972)
	at org.apache.velocity.runtime.RuntimeSingleton.parse(RuntimeSingleton.java:265)
	at org.apache.velocity.app.Velocity.evaluate(Velocity.java:274)
	at org.sonatype.mavenbook.weather.WeatherFormatter.format(WeatherFormatter.java:21)
	at org.sonatype.mavenbook.weather.WeatherFormatterTest.testFormat(WeatherFormatterTest.java:23)
	at sun.reflect.NativeMethodAccessorImpl.invoke0(Native Method)
	at sun.reflect.NativeMethodAccessorImpl.invoke(NativeMethodAccessorImpl.java:62)
	at sun.reflect.DelegatingMethodAccessorImpl.invoke(DelegatingMethodAccessorImpl.java:43)
	at java.lang.reflect.Method.invoke(Method.java:497)
	at junit.framework.TestCase.runTest(TestCase.java:154)
	at junit.framework.TestCase.runBare(TestCase.java:127)
	at junit.framework.TestResult$1.protect(TestResult.java:106)
	at junit.framework.TestResult.runProtected(TestResult.java:124)
	at junit.framework.TestResult.run(TestResult.java:109)
	at junit.framework.TestCase.run(TestCase.java:118)
	at junit.framework.TestSuite.runTest(TestSuite.java:208)
	at junit.framework.TestSuite.run(TestSuite.java:203)
	at sun.reflect.NativeMethodAccessorImpl.invoke0(Native Method)
	at sun.reflect.NativeMethodAccessorImpl.invoke(NativeMethodAccessorImpl.java:62)
	at sun.reflect.DelegatingMethodAccessorImpl.invoke(DelegatingMethodAccessorImpl.java:43)
	at java.lang.reflect.Method.invoke(Method.java:497)
	at org.apache.maven.surefire.junit.JUnitTestSet.execute(JUnitTestSet.java:95)
	at org.apache.maven.surefire.junit.JUnit3Provider.executeTestSet(JUnit3Provider.java:121)
	at org.apache.maven.surefire.junit.JUnit3Provider.invoke(JUnit3Provider.java:98)
	at sun.reflect.NativeMethodAccessorImpl.invoke0(Native Method)
	at sun.reflect.NativeMethodAccessorImpl.invoke(NativeMethodAccessorImpl.java:62)
	at sun.reflect.DelegatingMethodAccessorImpl.invoke(DelegatingMethodAccessorImpl.java:43)
	at java.lang.reflect.Method.invoke(Method.java:497)
	at org.apache.maven.surefire.util.ReflectionUtils.invokeMethodWithArray(ReflectionUtils.java:189)
	at org.apache.maven.surefire.booter.ProviderFactory$ProviderProxy.invoke(ProviderFactory.java:165)
	at org.apache.maven.surefire.booter.ProviderFactory.invokeProvider(ProviderFactory.java:85)
	at org.apache.maven.surefire.booter.ForkedBooter.runSuitesInProcess(ForkedBooter.java:115)
	at org.apache.maven.surefire.booter.ForkedBooter.main(ForkedBooter.java:75)
Caused by: java.lang.ClassNotFoundException: org.apache.log.format.Formatter
	at java.net.URLClassLoader.findClass(URLClassLoader.java:381)
	at java.lang.ClassLoader.loadClass(ClassLoader.java:424)
	at sun.misc.Launcher$AppClassLoader.loadClass(Launcher.java:331)
	at java.lang.ClassLoader.loadClass(ClassLoader.java:357)
	... 42 more
2015-04-11 17:07:05,333 - Trying to use logger class org.apache.velocity.runtime.log.Log4JLogChute
2015-04-11 17:07:05,333 - Using logger class org.apache.velocity.runtime.log.Log4JLogChute
2015-04-11 17:07:05,335 - Default ResourceManager initializing. (class org.apache.velocity.runtime.resource.ResourceManagerImpl)
2015-04-11 17:07:05,340 - ResourceLoader instantiated: org.apache.velocity.runtime.resource.loader.FileResourceLoader
2015-04-11 17:07:05,340 - Do unicode file recognition:  false
2015-04-11 17:07:05,341 - FileResourceLoader : adding path '.'
2015-04-11 17:07:05,354 - ResourceCache: initialized (class org.apache.velocity.runtime.resource.ResourceCacheImpl)
2015-04-11 17:07:05,355 - Loaded System Directive: org.apache.velocity.runtime.directive.Literal
2015-04-11 17:07:05,356 - Loaded System Directive: org.apache.velocity.runtime.directive.Macro
2015-04-11 17:07:05,358 - Loaded System Directive: org.apache.velocity.runtime.directive.Parse
2015-04-11 17:07:05,358 - Loaded System Directive: org.apache.velocity.runtime.directive.Include
2015-04-11 17:07:05,359 - Loaded System Directive: org.apache.velocity.runtime.directive.Foreach
2015-04-11 17:07:05,384 - Created '20' parsers.
2015-04-11 17:07:05,388 - Velocimacro : "velocimacro.library" is not set.  Trying default library: VM_global_library.vm
2015-04-11 17:07:05,388 - Velocimacro : Default library not found.
2015-04-11 17:07:05,388 - Velocimacro : allowInline = true : VMs can be defined inline in templates
2015-04-11 17:07:05,388 - Velocimacro : allowInlineToOverride = false : VMs defined inline may NOT replace previous VM definitions
2015-04-11 17:07:05,388 - Velocimacro : allowInlineLocal = false : VMs defined inline will be global in scope if allowed.
2015-04-11 17:07:05,388 - Velocimacro : autoload off : VM system will not automatically reload global library macros
2015-04-11 17:07:21,311 - Log4JLogChute initialized using file 'velocity.log'
2015-04-11 17:07:21,311 - Velocity was not initialized! Calling init()...
2015-04-11 17:07:21,311 - Starting Apache Velocity v1.5 (compiled: 2007-02-22 08:52:29)
2015-04-11 17:07:21,312 - Default Properties File: org/apache/velocity/runtime/defaults/velocity.properties
2015-04-11 17:07:21,312 - Trying to use logger class org.apache.velocity.runtime.log.AvalonLogChute
2015-04-11 17:07:21,313 - Couldn't find class org.apache.velocity.runtime.log.AvalonLogChute or necessary supporting classes in classpath.
java.lang.NoClassDefFoundError: org/apache/log/format/Formatter
	at java.lang.Class.forName0(Native Method)
	at java.lang.Class.forName(Class.java:348)
	at org.apache.velocity.util.ClassUtils.getClass(ClassUtils.java:63)
	at org.apache.velocity.util.ClassUtils.getNewInstance(ClassUtils.java:95)
	at org.apache.velocity.runtime.log.LogManager.createLogChute(LogManager.java:147)
	at org.apache.velocity.runtime.log.LogManager.updateLog(LogManager.java:208)
	at org.apache.velocity.runtime.RuntimeInstance.initializeLog(RuntimeInstance.java:728)
	at org.apache.velocity.runtime.RuntimeInstance.init(RuntimeInstance.java:240)
	at org.apache.velocity.runtime.RuntimeInstance.parse(RuntimeInstance.java:993)
	at org.apache.velocity.runtime.RuntimeInstance.parse(RuntimeInstance.java:972)
	at org.apache.velocity.runtime.RuntimeSingleton.parse(RuntimeSingleton.java:265)
	at org.apache.velocity.app.Velocity.evaluate(Velocity.java:274)
	at org.sonatype.mavenbook.weather.WeatherFormatter.format(WeatherFormatter.java:21)
	at org.sonatype.mavenbook.weather.Main.start(Main.java:38)
	at org.sonatype.mavenbook.weather.Main.main(Main.java:21)
	at sun.reflect.NativeMethodAccessorImpl.invoke0(Native Method)
	at sun.reflect.NativeMethodAccessorImpl.invoke(NativeMethodAccessorImpl.java:62)
	at sun.reflect.DelegatingMethodAccessorImpl.invoke(DelegatingMethodAccessorImpl.java:43)
	at java.lang.reflect.Method.invoke(Method.java:497)
	at org.codehaus.mojo.exec.ExecJavaMojo$1.run(ExecJavaMojo.java:293)
	at java.lang.Thread.run(Thread.java:745)
Caused by: java.lang.ClassNotFoundException: org.apache.log.format.Formatter
	at java.net.URLClassLoader.findClass(URLClassLoader.java:381)
	at java.lang.ClassLoader.loadClass(ClassLoader.java:424)
	at java.lang.ClassLoader.loadClass(ClassLoader.java:357)
	... 21 more
2015-04-11 17:07:21,315 - Trying to use logger class org.apache.velocity.runtime.log.Log4JLogChute
2015-04-11 17:07:21,315 - Using logger class org.apache.velocity.runtime.log.Log4JLogChute
2015-04-11 17:07:21,317 - Default ResourceManager initializing. (class org.apache.velocity.runtime.resource.ResourceManagerImpl)
2015-04-11 17:07:21,319 - ResourceLoader instantiated: org.apache.velocity.runtime.resource.loader.FileResourceLoader
2015-04-11 17:07:21,320 - Do unicode file recognition:  false
2015-04-11 17:07:21,320 - FileResourceLoader : adding path '.'
2015-04-11 17:07:21,329 - ResourceCache: initialized (class org.apache.velocity.runtime.resource.ResourceCacheImpl)
2015-04-11 17:07:21,330 - Loaded System Directive: org.apache.velocity.runtime.directive.Literal
2015-04-11 17:07:21,331 - Loaded System Directive: org.apache.velocity.runtime.directive.Macro
2015-04-11 17:07:21,333 - Loaded System Directive: org.apache.velocity.runtime.directive.Parse
2015-04-11 17:07:21,334 - Loaded System Directive: org.apache.velocity.runtime.directive.Include
2015-04-11 17:07:21,334 - Loaded System Directive: org.apache.velocity.runtime.directive.Foreach
2015-04-11 17:07:21,364 - Created '20' parsers.
2015-04-11 17:07:21,369 - Velocimacro : "velocimacro.library" is not set.  Trying default library: VM_global_library.vm
2015-04-11 17:07:21,369 - Velocimacro : Default library not found.
2015-04-11 17:07:21,369 - Velocimacro : allowInline = true : VMs can be defined inline in templates
2015-04-11 17:07:21,369 - Velocimacro : allowInlineToOverride = false : VMs defined inline may NOT replace previous VM definitions
2015-04-11 17:07:21,369 - Velocimacro : allowInlineLocal = false : VMs defined inline will be global in scope if allowed.
2015-04-11 17:07:21,369 - Velocimacro : autoload off : VM system will not automatically reload global library macros
2015-04-11 17:07:52,200 - Log4JLogChute initialized using file 'velocity.log'
2015-04-11 17:07:52,201 - Velocity was not initialized! Calling init()...
2015-04-11 17:07:52,201 - Starting Apache Velocity v1.5 (compiled: 2007-02-22 08:52:29)
2015-04-11 17:07:52,201 - Default Properties File: org/apache/velocity/runtime/defaults/velocity.properties
2015-04-11 17:07:52,203 - Trying to use logger class org.apache.velocity.runtime.log.AvalonLogChute
2015-04-11 17:07:52,204 - Couldn't find class org.apache.velocity.runtime.log.AvalonLogChute or necessary supporting classes in classpath.
java.lang.NoClassDefFoundError: org/apache/log/format/Formatter
	at java.lang.Class.forName0(Native Method)
	at java.lang.Class.forName(Class.java:348)
	at org.apache.velocity.util.ClassUtils.getClass(ClassUtils.java:63)
	at org.apache.velocity.util.ClassUtils.getNewInstance(ClassUtils.java:95)
	at org.apache.velocity.runtime.log.LogManager.createLogChute(LogManager.java:147)
	at org.apache.velocity.runtime.log.LogManager.updateLog(LogManager.java:208)
	at org.apache.velocity.runtime.RuntimeInstance.initializeLog(RuntimeInstance.java:728)
	at org.apache.velocity.runtime.RuntimeInstance.init(RuntimeInstance.java:240)
	at org.apache.velocity.runtime.RuntimeInstance.parse(RuntimeInstance.java:993)
	at org.apache.velocity.runtime.RuntimeInstance.parse(RuntimeInstance.java:972)
	at org.apache.velocity.runtime.RuntimeSingleton.parse(RuntimeSingleton.java:265)
	at org.apache.velocity.app.Velocity.evaluate(Velocity.java:274)
	at org.sonatype.mavenbook.weather.WeatherFormatter.format(WeatherFormatter.java:21)
	at org.sonatype.mavenbook.weather.Main.start(Main.java:38)
	at org.sonatype.mavenbook.weather.Main.main(Main.java:21)
	at sun.reflect.NativeMethodAccessorImpl.invoke0(Native Method)
	at sun.reflect.NativeMethodAccessorImpl.invoke(NativeMethodAccessorImpl.java:62)
	at sun.reflect.DelegatingMethodAccessorImpl.invoke(DelegatingMethodAccessorImpl.java:43)
	at java.lang.reflect.Method.invoke(Method.java:497)
	at org.codehaus.mojo.exec.ExecJavaMojo$1.run(ExecJavaMojo.java:293)
	at java.lang.Thread.run(Thread.java:745)
Caused by: java.lang.ClassNotFoundException: org.apache.log.format.Formatter
	at java.net.URLClassLoader.findClass(URLClassLoader.java:381)
	at java.lang.ClassLoader.loadClass(ClassLoader.java:424)
	at java.lang.ClassLoader.loadClass(ClassLoader.java:357)
	... 21 more
2015-04-11 17:07:52,205 - Trying to use logger class org.apache.velocity.runtime.log.Log4JLogChute
2015-04-11 17:07:52,205 - Using logger class org.apache.velocity.runtime.log.Log4JLogChute
2015-04-11 17:07:52,206 - Default ResourceManager initializing. (class org.apache.velocity.runtime.resource.ResourceManagerImpl)
2015-04-11 17:07:52,212 - ResourceLoader instantiated: org.apache.velocity.runtime.resource.loader.FileResourceLoader
2015-04-11 17:07:52,214 - Do unicode file recognition:  false
2015-04-11 17:07:52,214 - FileResourceLoader : adding path '.'
2015-04-11 17:07:52,222 - ResourceCache: initialized (class org.apache.velocity.runtime.resource.ResourceCacheImpl)
2015-04-11 17:07:52,223 - Loaded System Directive: org.apache.velocity.runtime.directive.Literal
2015-04-11 17:07:52,224 - Loaded System Directive: org.apache.velocity.runtime.directive.Macro
2015-04-11 17:07:52,225 - Loaded System Directive: org.apache.velocity.runtime.directive.Parse
2015-04-11 17:07:52,226 - Loaded System Directive: org.apache.velocity.runtime.directive.Include
2015-04-11 17:07:52,227 - Loaded System Directive: org.apache.velocity.runtime.directive.Foreach
2015-04-11 17:07:52,251 - Created '20' parsers.
2015-04-11 17:07:52,255 - Velocimacro : "velocimacro.library" is not set.  Trying default library: VM_global_library.vm
2015-04-11 17:07:52,255 - Velocimacro : Default library not found.
2015-04-11 17:07:52,255 - Velocimacro : allowInline = true : VMs can be defined inline in templates
2015-04-11 17:07:52,255 - Velocimacro : allowInlineToOverride = false : VMs defined inline may NOT replace previous VM definitions
2015-04-11 17:07:52,255 - Velocimacro : allowInlineLocal = false : VMs defined inline will be global in scope if allowed.
2015-04-11 17:07:52,255 - Velocimacro : autoload off : VM system will not automatically reload global library macros
2015-04-11 17:08:49,652 - Log4JLogChute initialized using file 'velocity.log'
2015-04-11 17:08:49,653 - Velocity was not initialized! Calling init()...
2015-04-11 17:08:49,653 - Starting Apache Velocity v1.5 (compiled: 2007-02-22 08:52:29)
2015-04-11 17:08:49,653 - Default Properties File: org/apache/velocity/runtime/defaults/velocity.properties
2015-04-11 17:08:49,653 - Trying to use logger class org.apache.velocity.runtime.log.AvalonLogChute
2015-04-11 17:08:49,654 - Couldn't find class org.apache.velocity.runtime.log.AvalonLogChute or necessary supporting classes in classpath.
java.lang.NoClassDefFoundError: org/apache/log/format/Formatter
	at java.lang.Class.forName0(Native Method)
	at java.lang.Class.forName(Class.java:348)
	at org.apache.velocity.util.ClassUtils.getClass(ClassUtils.java:63)
	at org.apache.velocity.util.ClassUtils.getNewInstance(ClassUtils.java:95)
	at org.apache.velocity.runtime.log.LogManager.createLogChute(LogManager.java:147)
	at org.apache.velocity.runtime.log.LogManager.updateLog(LogManager.java:208)
	at org.apache.velocity.runtime.RuntimeInstance.initializeLog(RuntimeInstance.java:728)
	at org.apache.velocity.runtime.RuntimeInstance.init(RuntimeInstance.java:240)
	at org.apache.velocity.runtime.RuntimeInstance.parse(RuntimeInstance.java:993)
	at org.apache.velocity.runtime.RuntimeInstance.parse(RuntimeInstance.java:972)
	at org.apache.velocity.runtime.RuntimeSingleton.parse(RuntimeSingleton.java:265)
	at org.apache.velocity.app.Velocity.evaluate(Velocity.java:274)
	at org.sonatype.mavenbook.weather.WeatherFormatter.format(WeatherFormatter.java:21)
	at org.sonatype.mavenbook.weather.Main.start(Main.java:38)
	at org.sonatype.mavenbook.weather.Main.main(Main.java:21)
	at sun.reflect.NativeMethodAccessorImpl.invoke0(Native Method)
	at sun.reflect.NativeMethodAccessorImpl.invoke(NativeMethodAccessorImpl.java:62)
	at sun.reflect.DelegatingMethodAccessorImpl.invoke(DelegatingMethodAccessorImpl.java:43)
	at java.lang.reflect.Method.invoke(Method.java:497)
	at org.codehaus.mojo.exec.ExecJavaMojo$1.run(ExecJavaMojo.java:293)
	at java.lang.Thread.run(Thread.java:745)
Caused by: java.lang.ClassNotFoundException: org.apache.log.format.Formatter
	at java.net.URLClassLoader.findClass(URLClassLoader.java:381)
	at java.lang.ClassLoader.loadClass(ClassLoader.java:424)
	at java.lang.ClassLoader.loadClass(ClassLoader.java:357)
	... 21 more
2015-04-11 17:08:49,655 - Trying to use logger class org.apache.velocity.runtime.log.Log4JLogChute
2015-04-11 17:08:49,655 - Using logger class org.apache.velocity.runtime.log.Log4JLogChute
2015-04-11 17:08:49,657 - Default ResourceManager initializing. (class org.apache.velocity.runtime.resource.ResourceManagerImpl)
2015-04-11 17:08:49,659 - ResourceLoader instantiated: org.apache.velocity.runtime.resource.loader.FileResourceLoader
2015-04-11 17:08:49,660 - Do unicode file recognition:  false
2015-04-11 17:08:49,660 - FileResourceLoader : adding path '.'
2015-04-11 17:08:49,669 - ResourceCache: initialized (class org.apache.velocity.runtime.resource.ResourceCacheImpl)
2015-04-11 17:08:49,670 - Loaded System Directive: org.apache.velocity.runtime.directive.Literal
2015-04-11 17:08:49,671 - Loaded System Directive: org.apache.velocity.runtime.directive.Macro
2015-04-11 17:08:49,672 - Loaded System Directive: org.apache.velocity.runtime.directive.Parse
2015-04-11 17:08:49,673 - Loaded System Directive: org.apache.velocity.runtime.directive.Include
2015-04-11 17:08:49,673 - Loaded System Directive: org.apache.velocity.runtime.directive.Foreach
2015-04-11 17:08:49,701 - Created '20' parsers.
2015-04-11 17:08:49,706 - Velocimacro : "velocimacro.library" is not set.  Trying default library: VM_global_library.vm
2015-04-11 17:08:49,707 - Velocimacro : Default library not found.
2015-04-11 17:08:49,707 - Velocimacro : allowInline = true : VMs can be defined inline in templates
2015-04-11 17:08:49,707 - Velocimacro : allowInlineToOverride = false : VMs defined inline may NOT replace previous VM definitions
2015-04-11 17:08:49,707 - Velocimacro : allowInlineLocal = false : VMs defined inline will be global in scope if allowed.
2015-04-11 17:08:49,711 - Velocimacro : autoload off : VM system will not automatically reload global library macros
2015-04-12 11:06:10,096 - Log4JLogChute initialized using file 'velocity.log'
2015-04-12 11:06:10,096 - Velocity was not initialized! Calling init()...
2015-04-12 11:06:10,096 - Starting Apache Velocity v1.5 (compiled: 2007-02-22 08:52:29)
2015-04-12 11:06:10,096 - Default Properties File: org/apache/velocity/runtime/defaults/velocity.properties
2015-04-12 11:06:10,096 - Trying to use logger class org.apache.velocity.runtime.log.AvalonLogChute
2015-04-12 11:06:10,097 - Couldn't find class org.apache.velocity.runtime.log.AvalonLogChute or necessary supporting classes in classpath.
java.lang.NoClassDefFoundError: org/apache/log/format/Formatter
	at java.lang.Class.forName0(Native Method)
	at java.lang.Class.forName(Class.java:348)
	at org.apache.velocity.util.ClassUtils.getClass(ClassUtils.java:63)
	at org.apache.velocity.util.ClassUtils.getNewInstance(ClassUtils.java:95)
	at org.apache.velocity.runtime.log.LogManager.createLogChute(LogManager.java:147)
	at org.apache.velocity.runtime.log.LogManager.updateLog(LogManager.java:208)
	at org.apache.velocity.runtime.RuntimeInstance.initializeLog(RuntimeInstance.java:728)
	at org.apache.velocity.runtime.RuntimeInstance.init(RuntimeInstance.java:240)
	at org.apache.velocity.runtime.RuntimeInstance.parse(RuntimeInstance.java:993)
	at org.apache.velocity.runtime.RuntimeInstance.parse(RuntimeInstance.java:972)
	at org.apache.velocity.runtime.RuntimeSingleton.parse(RuntimeSingleton.java:265)
	at org.apache.velocity.app.Velocity.evaluate(Velocity.java:274)
	at org.sonatype.mavenbook.weather.WeatherFormatter.format(WeatherFormatter.java:21)
	at org.sonatype.mavenbook.weather.WeatherFormatterTest.testFormat(WeatherFormatterTest.java:23)
	at sun.reflect.NativeMethodAccessorImpl.invoke0(Native Method)
	at sun.reflect.NativeMethodAccessorImpl.invoke(NativeMethodAccessorImpl.java:62)
	at sun.reflect.DelegatingMethodAccessorImpl.invoke(DelegatingMethodAccessorImpl.java:43)
	at java.lang.reflect.Method.invoke(Method.java:497)
	at junit.framework.TestCase.runTest(TestCase.java:154)
	at junit.framework.TestCase.runBare(TestCase.java:127)
	at junit.framework.TestResult$1.protect(TestResult.java:106)
	at junit.framework.TestResult.runProtected(TestResult.java:124)
	at junit.framework.TestResult.run(TestResult.java:109)
	at junit.framework.TestCase.run(TestCase.java:118)
	at junit.framework.TestSuite.runTest(TestSuite.java:208)
	at junit.framework.TestSuite.run(TestSuite.java:203)
	at sun.reflect.NativeMethodAccessorImpl.invoke0(Native Method)
	at sun.reflect.NativeMethodAccessorImpl.invoke(NativeMethodAccessorImpl.java:62)
	at sun.reflect.DelegatingMethodAccessorImpl.invoke(DelegatingMethodAccessorImpl.java:43)
	at java.lang.reflect.Method.invoke(Method.java:497)
	at org.apache.maven.surefire.junit.JUnitTestSet.execute(JUnitTestSet.java:95)
	at org.apache.maven.surefire.junit.JUnit3Provider.executeTestSet(JUnit3Provider.java:121)
	at org.apache.maven.surefire.junit.JUnit3Provider.invoke(JUnit3Provider.java:98)
	at sun.reflect.NativeMethodAccessorImpl.invoke0(Native Method)
	at sun.reflect.NativeMethodAccessorImpl.invoke(NativeMethodAccessorImpl.java:62)
	at sun.reflect.DelegatingMethodAccessorImpl.invoke(DelegatingMethodAccessorImpl.java:43)
	at java.lang.reflect.Method.invoke(Method.java:497)
	at org.apache.maven.surefire.util.ReflectionUtils.invokeMethodWithArray(ReflectionUtils.java:189)
	at org.apache.maven.surefire.booter.ProviderFactory$ProviderProxy.invoke(ProviderFactory.java:165)
	at org.apache.maven.surefire.booter.ProviderFactory.invokeProvider(ProviderFactory.java:85)
	at org.apache.maven.surefire.booter.ForkedBooter.runSuitesInProcess(ForkedBooter.java:115)
	at org.apache.maven.surefire.booter.ForkedBooter.main(ForkedBooter.java:75)
Caused by: java.lang.ClassNotFoundException: org.apache.log.format.Formatter
	at java.net.URLClassLoader.findClass(URLClassLoader.java:381)
	at java.lang.ClassLoader.loadClass(ClassLoader.java:424)
	at sun.misc.Launcher$AppClassLoader.loadClass(Launcher.java:331)
	at java.lang.ClassLoader.loadClass(ClassLoader.java:357)
	... 42 more
2015-04-12 11:06:10,099 - Trying to use logger class org.apache.velocity.runtime.log.Log4JLogChute
2015-04-12 11:06:10,099 - Using logger class org.apache.velocity.runtime.log.Log4JLogChute
2015-04-12 11:06:10,100 - Default ResourceManager initializing. (class org.apache.velocity.runtime.resource.ResourceManagerImpl)
2015-04-12 11:06:10,103 - ResourceLoader instantiated: org.apache.velocity.runtime.resource.loader.FileResourceLoader
2015-04-12 11:06:10,103 - Do unicode file recognition:  false
2015-04-12 11:06:10,103 - FileResourceLoader : adding path '.'
2015-04-12 11:06:10,113 - ResourceCache: initialized (class org.apache.velocity.runtime.resource.ResourceCacheImpl)
2015-04-12 11:06:10,114 - Loaded System Directive: org.apache.velocity.runtime.directive.Literal
2015-04-12 11:06:10,115 - Loaded System Directive: org.apache.velocity.runtime.directive.Macro
2015-04-12 11:06:10,116 - Loaded System Directive: org.apache.velocity.runtime.directive.Parse
2015-04-12 11:06:10,118 - Loaded System Directive: org.apache.velocity.runtime.directive.Include
2015-04-12 11:06:10,119 - Loaded System Directive: org.apache.velocity.runtime.directive.Foreach
2015-04-12 11:06:10,137 - Created '20' parsers.
2015-04-12 11:06:10,141 - Velocimacro : "velocimacro.library" is not set.  Trying default library: VM_global_library.vm
2015-04-12 11:06:10,141 - Velocimacro : Default library not found.
2015-04-12 11:06:10,141 - Velocimacro : allowInline = true : VMs can be defined inline in templates
2015-04-12 11:06:10,141 - Velocimacro : allowInlineToOverride = false : VMs defined inline may NOT replace previous VM definitions
2015-04-12 11:06:10,141 - Velocimacro : allowInlineLocal = false : VMs defined inline will be global in scope if allowed.
2015-04-12 11:06:10,141 - Velocimacro : autoload off : VM system will not automatically reload global library macros
2015-04-12 11:07:38,867 - Log4JLogChute initialized using file 'velocity.log'
2015-04-12 11:07:38,868 - Velocity was not initialized! Calling init()...
2015-04-12 11:07:38,868 - Starting Apache Velocity v1.5 (compiled: 2007-02-22 08:52:29)
2015-04-12 11:07:38,868 - Default Properties File: org/apache/velocity/runtime/defaults/velocity.properties
2015-04-12 11:07:38,868 - Trying to use logger class org.apache.velocity.runtime.log.AvalonLogChute
2015-04-12 11:07:38,868 - Couldn't find class org.apache.velocity.runtime.log.AvalonLogChute or necessary supporting classes in classpath.
java.lang.NoClassDefFoundError: org/apache/log/format/Formatter
	at java.lang.Class.forName0(Native Method)
	at java.lang.Class.forName(Class.java:348)
	at org.apache.velocity.util.ClassUtils.getClass(ClassUtils.java:63)
	at org.apache.velocity.util.ClassUtils.getNewInstance(ClassUtils.java:95)
	at org.apache.velocity.runtime.log.LogManager.createLogChute(LogManager.java:147)
	at org.apache.velocity.runtime.log.LogManager.updateLog(LogManager.java:208)
	at org.apache.velocity.runtime.RuntimeInstance.initializeLog(RuntimeInstance.java:728)
	at org.apache.velocity.runtime.RuntimeInstance.init(RuntimeInstance.java:240)
	at org.apache.velocity.runtime.RuntimeInstance.parse(RuntimeInstance.java:993)
	at org.apache.velocity.runtime.RuntimeInstance.parse(RuntimeInstance.java:972)
	at org.apache.velocity.runtime.RuntimeSingleton.parse(RuntimeSingleton.java:265)
	at org.apache.velocity.app.Velocity.evaluate(Velocity.java:274)
	at org.sonatype.mavenbook.weather.WeatherFormatter.format(WeatherFormatter.java:21)
	at org.sonatype.mavenbook.weather.WeatherFormatterTest.testFormat(WeatherFormatterTest.java:23)
	at sun.reflect.NativeMethodAccessorImpl.invoke0(Native Method)
	at sun.reflect.NativeMethodAccessorImpl.invoke(NativeMethodAccessorImpl.java:62)
	at sun.reflect.DelegatingMethodAccessorImpl.invoke(DelegatingMethodAccessorImpl.java:43)
	at java.lang.reflect.Method.invoke(Method.java:497)
	at junit.framework.TestCase.runTest(TestCase.java:154)
	at junit.framework.TestCase.runBare(TestCase.java:127)
	at junit.framework.TestResult$1.protect(TestResult.java:106)
	at junit.framework.TestResult.runProtected(TestResult.java:124)
	at junit.framework.TestResult.run(TestResult.java:109)
	at junit.framework.TestCase.run(TestCase.java:118)
	at junit.framework.TestSuite.runTest(TestSuite.java:208)
	at junit.framework.TestSuite.run(TestSuite.java:203)
	at sun.reflect.NativeMethodAccessorImpl.invoke0(Native Method)
	at sun.reflect.NativeMethodAccessorImpl.invoke(NativeMethodAccessorImpl.java:62)
	at sun.reflect.DelegatingMethodAccessorImpl.invoke(DelegatingMethodAccessorImpl.java:43)
	at java.lang.reflect.Method.invoke(Method.java:497)
	at org.apache.maven.surefire.junit.JUnitTestSet.execute(JUnitTestSet.java:95)
	at org.apache.maven.surefire.junit.JUnit3Provider.executeTestSet(JUnit3Provider.java:121)
	at org.apache.maven.surefire.junit.JUnit3Provider.invoke(JUnit3Provider.java:98)
	at sun.reflect.NativeMethodAccessorImpl.invoke0(Native Method)
	at sun.reflect.NativeMethodAccessorImpl.invoke(NativeMethodAccessorImpl.java:62)
	at sun.reflect.DelegatingMethodAccessorImpl.invoke(DelegatingMethodAccessorImpl.java:43)
	at java.lang.reflect.Method.invoke(Method.java:497)
	at org.apache.maven.surefire.util.ReflectionUtils.invokeMethodWithArray(ReflectionUtils.java:189)
	at org.apache.maven.surefire.booter.ProviderFactory$ProviderProxy.invoke(ProviderFactory.java:165)
	at org.apache.maven.surefire.booter.ProviderFactory.invokeProvider(ProviderFactory.java:85)
	at org.apache.maven.surefire.booter.ForkedBooter.runSuitesInProcess(ForkedBooter.java:115)
	at org.apache.maven.surefire.booter.ForkedBooter.main(ForkedBooter.java:75)
Caused by: java.lang.ClassNotFoundException: org.apache.log.format.Formatter
	at java.net.URLClassLoader.findClass(URLClassLoader.java:381)
	at java.lang.ClassLoader.loadClass(ClassLoader.java:424)
	at sun.misc.Launcher$AppClassLoader.loadClass(Launcher.java:331)
	at java.lang.ClassLoader.loadClass(ClassLoader.java:357)
	... 42 more
2015-04-12 11:07:38,870 - Trying to use logger class org.apache.velocity.runtime.log.Log4JLogChute
2015-04-12 11:07:38,870 - Using logger class org.apache.velocity.runtime.log.Log4JLogChute
2015-04-12 11:07:38,871 - Default ResourceManager initializing. (class org.apache.velocity.runtime.resource.ResourceManagerImpl)
2015-04-12 11:07:38,873 - ResourceLoader instantiated: org.apache.velocity.runtime.resource.loader.FileResourceLoader
2015-04-12 11:07:38,874 - Do unicode file recognition:  false
2015-04-12 11:07:38,874 - FileResourceLoader : adding path '.'
2015-04-12 11:07:38,881 - ResourceCache: initialized (class org.apache.velocity.runtime.resource.ResourceCacheImpl)
2015-04-12 11:07:38,882 - Loaded System Directive: org.apache.velocity.runtime.directive.Literal
2015-04-12 11:07:38,883 - Loaded System Directive: org.apache.velocity.runtime.directive.Macro
2015-04-12 11:07:38,884 - Loaded System Directive: org.apache.velocity.runtime.directive.Parse
2015-04-12 11:07:38,884 - Loaded System Directive: org.apache.velocity.runtime.directive.Include
2015-04-12 11:07:38,885 - Loaded System Directive: org.apache.velocity.runtime.directive.Foreach
2015-04-12 11:07:38,905 - Created '20' parsers.
2015-04-12 11:07:38,909 - Velocimacro : "velocimacro.library" is not set.  Trying default library: VM_global_library.vm
2015-04-12 11:07:38,910 - Velocimacro : Default library not found.
2015-04-12 11:07:38,910 - Velocimacro : allowInline = true : VMs can be defined inline in templates
2015-04-12 11:07:38,910 - Velocimacro : allowInlineToOverride = false : VMs defined inline may NOT replace previous VM definitions
2015-04-12 11:07:38,910 - Velocimacro : allowInlineLocal = false : VMs defined inline will be global in scope if allowed.
2015-04-12 11:07:38,910 - Velocimacro : autoload off : VM system will not automatically reload global library macros
2015-04-12 11:11:25,758 - Log4JLogChute initialized using file 'velocity.log'
2015-04-12 11:11:25,758 - Velocity was not initialized! Calling init()...
2015-04-12 11:11:25,758 - Starting Apache Velocity v1.5 (compiled: 2007-02-22 08:52:29)
2015-04-12 11:11:25,758 - Default Properties File: org/apache/velocity/runtime/defaults/velocity.properties
2015-04-12 11:11:25,758 - Trying to use logger class org.apache.velocity.runtime.log.AvalonLogChute
2015-04-12 11:11:25,759 - Couldn't find class org.apache.velocity.runtime.log.AvalonLogChute or necessary supporting classes in classpath.
java.lang.NoClassDefFoundError: org/apache/log/format/Formatter
	at java.lang.Class.forName0(Native Method)
	at java.lang.Class.forName(Class.java:348)
	at org.apache.velocity.util.ClassUtils.getClass(ClassUtils.java:63)
	at org.apache.velocity.util.ClassUtils.getNewInstance(ClassUtils.java:95)
	at org.apache.velocity.runtime.log.LogManager.createLogChute(LogManager.java:147)
	at org.apache.velocity.runtime.log.LogManager.updateLog(LogManager.java:208)
	at org.apache.velocity.runtime.RuntimeInstance.initializeLog(RuntimeInstance.java:728)
	at org.apache.velocity.runtime.RuntimeInstance.init(RuntimeInstance.java:240)
	at org.apache.velocity.runtime.RuntimeInstance.parse(RuntimeInstance.java:993)
	at org.apache.velocity.runtime.RuntimeInstance.parse(RuntimeInstance.java:972)
	at org.apache.velocity.runtime.RuntimeSingleton.parse(RuntimeSingleton.java:265)
	at org.apache.velocity.app.Velocity.evaluate(Velocity.java:274)
	at org.sonatype.mavenbook.weather.WeatherFormatter.format(WeatherFormatter.java:21)
	at org.sonatype.mavenbook.weather.WeatherFormatterTest.testFormat(WeatherFormatterTest.java:23)
	at sun.reflect.NativeMethodAccessorImpl.invoke0(Native Method)
	at sun.reflect.NativeMethodAccessorImpl.invoke(NativeMethodAccessorImpl.java:62)
	at sun.reflect.DelegatingMethodAccessorImpl.invoke(DelegatingMethodAccessorImpl.java:43)
	at java.lang.reflect.Method.invoke(Method.java:497)
	at junit.framework.TestCase.runTest(TestCase.java:154)
	at junit.framework.TestCase.runBare(TestCase.java:127)
	at junit.framework.TestResult$1.protect(TestResult.java:106)
	at junit.framework.TestResult.runProtected(TestResult.java:124)
	at junit.framework.TestResult.run(TestResult.java:109)
	at junit.framework.TestCase.run(TestCase.java:118)
	at junit.framework.TestSuite.runTest(TestSuite.java:208)
	at junit.framework.TestSuite.run(TestSuite.java:203)
	at sun.reflect.NativeMethodAccessorImpl.invoke0(Native Method)
	at sun.reflect.NativeMethodAccessorImpl.invoke(NativeMethodAccessorImpl.java:62)
	at sun.reflect.DelegatingMethodAccessorImpl.invoke(DelegatingMethodAccessorImpl.java:43)
	at java.lang.reflect.Method.invoke(Method.java:497)
	at org.apache.maven.surefire.junit.JUnitTestSet.execute(JUnitTestSet.java:95)
	at org.apache.maven.surefire.junit.JUnit3Provider.executeTestSet(JUnit3Provider.java:121)
	at org.apache.maven.surefire.junit.JUnit3Provider.invoke(JUnit3Provider.java:98)
	at sun.reflect.NativeMethodAccessorImpl.invoke0(Native Method)
	at sun.reflect.NativeMethodAccessorImpl.invoke(NativeMethodAccessorImpl.java:62)
	at sun.reflect.DelegatingMethodAccessorImpl.invoke(DelegatingMethodAccessorImpl.java:43)
	at java.lang.reflect.Method.invoke(Method.java:497)
	at org.apache.maven.surefire.util.ReflectionUtils.invokeMethodWithArray(ReflectionUtils.java:189)
	at org.apache.maven.surefire.booter.ProviderFactory$ProviderProxy.invoke(ProviderFactory.java:165)
	at org.apache.maven.surefire.booter.ProviderFactory.invokeProvider(ProviderFactory.java:85)
	at org.apache.maven.surefire.booter.ForkedBooter.runSuitesInProcess(ForkedBooter.java:115)
	at org.apache.maven.surefire.booter.ForkedBooter.main(ForkedBooter.java:75)
Caused by: java.lang.ClassNotFoundException: org.apache.log.format.Formatter
	at java.net.URLClassLoader.findClass(URLClassLoader.java:381)
	at java.lang.ClassLoader.loadClass(ClassLoader.java:424)
	at sun.misc.Launcher$AppClassLoader.loadClass(Launcher.java:331)
	at java.lang.ClassLoader.loadClass(ClassLoader.java:357)
	... 42 more
2015-04-12 11:11:25,760 - Trying to use logger class org.apache.velocity.runtime.log.Log4JLogChute
2015-04-12 11:11:25,760 - Using logger class org.apache.velocity.runtime.log.Log4JLogChute
2015-04-12 11:11:25,762 - Default ResourceManager initializing. (class org.apache.velocity.runtime.resource.ResourceManagerImpl)
2015-04-12 11:11:25,763 - ResourceLoader instantiated: org.apache.velocity.runtime.resource.loader.FileResourceLoader
2015-04-12 11:11:25,764 - Do unicode file recognition:  false
2015-04-12 11:11:25,764 - FileResourceLoader : adding path '.'
2015-04-12 11:11:25,770 - ResourceCache: initialized (class org.apache.velocity.runtime.resource.ResourceCacheImpl)
2015-04-12 11:11:25,771 - Loaded System Directive: org.apache.velocity.runtime.directive.Literal
2015-04-12 11:11:25,772 - Loaded System Directive: org.apache.velocity.runtime.directive.Macro
2015-04-12 11:11:25,772 - Loaded System Directive: org.apache.velocity.runtime.directive.Parse
2015-04-12 11:11:25,773 - Loaded System Directive: org.apache.velocity.runtime.directive.Include
2015-04-12 11:11:25,774 - Loaded System Directive: org.apache.velocity.runtime.directive.Foreach
2015-04-12 11:11:25,790 - Created '20' parsers.
2015-04-12 11:11:25,793 - Velocimacro : "velocimacro.library" is not set.  Trying default library: VM_global_library.vm
2015-04-12 11:11:25,793 - Velocimacro : Default library not found.
2015-04-12 11:11:25,793 - Velocimacro : allowInline = true : VMs can be defined inline in templates
2015-04-12 11:11:25,793 - Velocimacro : allowInlineToOverride = false : VMs defined inline may NOT replace previous VM definitions
2015-04-12 11:11:25,793 - Velocimacro : allowInlineLocal = false : VMs defined inline will be global in scope if allowed.
2015-04-12 11:11:25,793 - Velocimacro : autoload off : VM system will not automatically reload global library macros
