2015-04-12 11:15:53,956 - Log4JLogChute initialized using file 'velocity.log'
2015-04-12 11:15:53,956 - Velocity was not initialized! Calling init()...
2015-04-12 11:15:53,956 - Starting Apache Velocity v1.5 (compiled: 2007-02-22 08:52:29)
2015-04-12 11:15:53,956 - Default Properties File: org/apache/velocity/runtime/defaults/velocity.properties
2015-04-12 11:15:53,956 - Trying to use logger class org.apache.velocity.runtime.log.AvalonLogChute
2015-04-12 11:15:53,957 - Couldn't find class org.apache.velocity.runtime.log.AvalonLogChute or necessary supporting classes in classpath.
java.lang.NoClassDefFoundError: org/apache/log/format/Formatter
	at java.lang.Class.forName0(Native Method)
	at java.lang.Class.forName(Class.java:348)
	at org.apache.velocity.util.ClassUtils.getClass(ClassUtils.java:63)
	at org.apache.velocity.util.ClassUtils.getNewInstance(ClassUtils.java:95)
	at org.apache.velocity.runtime.log.LogManager.createLogChute(LogManager.java:147)
	at org.apache.velocity.runtime.log.LogManager.updateLog(LogManager.java:208)
	at org.apache.velocity.runtime.RuntimeInstance.initializeLog(RuntimeInstance.java:728)
	at org.apache.velocity.runtime.RuntimeInstance.init(RuntimeInstance.java:240)
	at org.apache.velocity.runtime.RuntimeInstance.parse(RuntimeInstance.java:993)
	at org.apache.velocity.runtime.RuntimeInstance.parse(RuntimeInstance.java:972)
	at org.apache.velocity.runtime.RuntimeSingleton.parse(RuntimeSingleton.java:265)
	at org.apache.velocity.app.Velocity.evaluate(Velocity.java:274)
	at org.sonatype.mavenbook.weather.WeatherFormatter.format(WeatherFormatter.java:21)
	at org.sonatype.mavenbook.weather.Main.start(Main.java:38)
	at org.sonatype.mavenbook.weather.Main.main(Main.java:21)
Caused by: java.lang.ClassNotFoundException: org.apache.log.format.Formatter
	at java.net.URLClassLoader.findClass(URLClassLoader.java:381)
	at java.lang.ClassLoader.loadClass(ClassLoader.java:424)
	at sun.misc.Launcher$AppClassLoader.loadClass(Launcher.java:331)
	at java.lang.ClassLoader.loadClass(ClassLoader.java:357)
	... 15 more
2015-04-12 11:15:53,958 - Trying to use logger class org.apache.velocity.runtime.log.Log4JLogChute
2015-04-12 11:15:53,958 - Using logger class org.apache.velocity.runtime.log.Log4JLogChute
2015-04-12 11:15:53,959 - Default ResourceManager initializing. (class org.apache.velocity.runtime.resource.ResourceManagerImpl)
2015-04-12 11:15:53,961 - ResourceLoader instantiated: org.apache.velocity.runtime.resource.loader.FileResourceLoader
2015-04-12 11:15:53,961 - Do unicode file recognition:  false
2015-04-12 11:15:53,961 - FileResourceLoader : adding path '.'
2015-04-12 11:15:53,967 - ResourceCache: initialized (class org.apache.velocity.runtime.resource.ResourceCacheImpl)
2015-04-12 11:15:53,968 - Loaded System Directive: org.apache.velocity.runtime.directive.Literal
2015-04-12 11:15:53,968 - Loaded System Directive: org.apache.velocity.runtime.directive.Macro
2015-04-12 11:15:53,969 - Loaded System Directive: org.apache.velocity.runtime.directive.Parse
2015-04-12 11:15:53,970 - Loaded System Directive: org.apache.velocity.runtime.directive.Include
2015-04-12 11:15:53,970 - Loaded System Directive: org.apache.velocity.runtime.directive.Foreach
2015-04-12 11:15:53,988 - Created '20' parsers.
2015-04-12 11:15:53,992 - Velocimacro : "velocimacro.library" is not set.  Trying default library: VM_global_library.vm
2015-04-12 11:15:53,992 - Velocimacro : Default library not found.
2015-04-12 11:15:53,992 - Velocimacro : allowInline = true : VMs can be defined inline in templates
2015-04-12 11:15:53,992 - Velocimacro : allowInlineToOverride = false : VMs defined inline may NOT replace previous VM definitions
2015-04-12 11:15:53,993 - Velocimacro : allowInlineLocal = false : VMs defined inline will be global in scope if allowed.
2015-04-12 11:15:53,993 - Velocimacro : autoload off : VM system will not automatically reload global library macros
2015-04-12 11:16:07,222 - Log4JLogChute initialized using file 'velocity.log'
2015-04-12 11:16:07,222 - Velocity was not initialized! Calling init()...
2015-04-12 11:16:07,222 - Starting Apache Velocity v1.5 (compiled: 2007-02-22 08:52:29)
2015-04-12 11:16:07,222 - Default Properties File: org/apache/velocity/runtime/defaults/velocity.properties
2015-04-12 11:16:07,222 - Trying to use logger class org.apache.velocity.runtime.log.AvalonLogChute
2015-04-12 11:16:07,223 - Couldn't find class org.apache.velocity.runtime.log.AvalonLogChute or necessary supporting classes in classpath.
java.lang.NoClassDefFoundError: org/apache/log/format/Formatter
	at java.lang.Class.forName0(Native Method)
	at java.lang.Class.forName(Class.java:348)
	at org.apache.velocity.util.ClassUtils.getClass(ClassUtils.java:63)
	at org.apache.velocity.util.ClassUtils.getNewInstance(ClassUtils.java:95)
	at org.apache.velocity.runtime.log.LogManager.createLogChute(LogManager.java:147)
	at org.apache.velocity.runtime.log.LogManager.updateLog(LogManager.java:208)
	at org.apache.velocity.runtime.RuntimeInstance.initializeLog(RuntimeInstance.java:728)
	at org.apache.velocity.runtime.RuntimeInstance.init(RuntimeInstance.java:240)
	at org.apache.velocity.runtime.RuntimeInstance.parse(RuntimeInstance.java:993)
	at org.apache.velocity.runtime.RuntimeInstance.parse(RuntimeInstance.java:972)
	at org.apache.velocity.runtime.RuntimeSingleton.parse(RuntimeSingleton.java:265)
	at org.apache.velocity.app.Velocity.evaluate(Velocity.java:274)
	at org.sonatype.mavenbook.weather.WeatherFormatter.format(WeatherFormatter.java:21)
	at org.sonatype.mavenbook.weather.Main.start(Main.java:38)
	at org.sonatype.mavenbook.weather.Main.main(Main.java:21)
Caused by: java.lang.ClassNotFoundException: org.apache.log.format.Formatter
	at java.net.URLClassLoader.findClass(URLClassLoader.java:381)
	at java.lang.ClassLoader.loadClass(ClassLoader.java:424)
	at sun.misc.Launcher$AppClassLoader.loadClass(Launcher.java:331)
	at java.lang.ClassLoader.loadClass(ClassLoader.java:357)
	... 15 more
2015-04-12 11:16:07,224 - Trying to use logger class org.apache.velocity.runtime.log.Log4JLogChute
2015-04-12 11:16:07,224 - Using logger class org.apache.velocity.runtime.log.Log4JLogChute
2015-04-12 11:16:07,225 - Default ResourceManager initializing. (class org.apache.velocity.runtime.resource.ResourceManagerImpl)
2015-04-12 11:16:07,227 - ResourceLoader instantiated: org.apache.velocity.runtime.resource.loader.FileResourceLoader
2015-04-12 11:16:07,227 - Do unicode file recognition:  false
2015-04-12 11:16:07,227 - FileResourceLoader : adding path '.'
2015-04-12 11:16:07,233 - ResourceCache: initialized (class org.apache.velocity.runtime.resource.ResourceCacheImpl)
2015-04-12 11:16:07,234 - Loaded System Directive: org.apache.velocity.runtime.directive.Literal
2015-04-12 11:16:07,235 - Loaded System Directive: org.apache.velocity.runtime.directive.Macro
2015-04-12 11:16:07,235 - Loaded System Directive: org.apache.velocity.runtime.directive.Parse
2015-04-12 11:16:07,236 - Loaded System Directive: org.apache.velocity.runtime.directive.Include
2015-04-12 11:16:07,236 - Loaded System Directive: org.apache.velocity.runtime.directive.Foreach
2015-04-12 11:16:07,252 - Created '20' parsers.
2015-04-12 11:16:07,256 - Velocimacro : "velocimacro.library" is not set.  Trying default library: VM_global_library.vm
2015-04-12 11:16:07,256 - Velocimacro : Default library not found.
2015-04-12 11:16:07,256 - Velocimacro : allowInline = true : VMs can be defined inline in templates
2015-04-12 11:16:07,256 - Velocimacro : allowInlineToOverride = false : VMs defined inline may NOT replace previous VM definitions
2015-04-12 11:16:07,256 - Velocimacro : allowInlineLocal = false : VMs defined inline will be global in scope if allowed.
2015-04-12 11:16:07,256 - Velocimacro : autoload off : VM system will not automatically reload global library macros
2015-04-12 11:16:23,914 - Log4JLogChute initialized using file 'velocity.log'
2015-04-12 11:16:23,915 - Velocity was not initialized! Calling init()...
2015-04-12 11:16:23,915 - Starting Apache Velocity v1.5 (compiled: 2007-02-22 08:52:29)
2015-04-12 11:16:23,915 - Default Properties File: org/apache/velocity/runtime/defaults/velocity.properties
2015-04-12 11:16:23,915 - Trying to use logger class org.apache.velocity.runtime.log.AvalonLogChute
2015-04-12 11:16:23,915 - Couldn't find class org.apache.velocity.runtime.log.AvalonLogChute or necessary supporting classes in classpath.
java.lang.NoClassDefFoundError: org/apache/log/format/Formatter
	at java.lang.Class.forName0(Native Method)
	at java.lang.Class.forName(Class.java:348)
	at org.apache.velocity.util.ClassUtils.getClass(ClassUtils.java:63)
	at org.apache.velocity.util.ClassUtils.getNewInstance(ClassUtils.java:95)
	at org.apache.velocity.runtime.log.LogManager.createLogChute(LogManager.java:147)
	at org.apache.velocity.runtime.log.LogManager.updateLog(LogManager.java:208)
	at org.apache.velocity.runtime.RuntimeInstance.initializeLog(RuntimeInstance.java:728)
	at org.apache.velocity.runtime.RuntimeInstance.init(RuntimeInstance.java:240)
	at org.apache.velocity.runtime.RuntimeInstance.parse(RuntimeInstance.java:993)
	at org.apache.velocity.runtime.RuntimeInstance.parse(RuntimeInstance.java:972)
	at org.apache.velocity.runtime.RuntimeSingleton.parse(RuntimeSingleton.java:265)
	at org.apache.velocity.app.Velocity.evaluate(Velocity.java:274)
	at org.sonatype.mavenbook.weather.WeatherFormatter.format(WeatherFormatter.java:21)
	at org.sonatype.mavenbook.weather.Main.start(Main.java:38)
	at org.sonatype.mavenbook.weather.Main.main(Main.java:21)
Caused by: java.lang.ClassNotFoundException: org.apache.log.format.Formatter
	at java.net.URLClassLoader.findClass(URLClassLoader.java:381)
	at java.lang.ClassLoader.loadClass(ClassLoader.java:424)
	at sun.misc.Launcher$AppClassLoader.loadClass(Launcher.java:331)
	at java.lang.ClassLoader.loadClass(ClassLoader.java:357)
	... 15 more
2015-04-12 11:16:23,916 - Trying to use logger class org.apache.velocity.runtime.log.Log4JLogChute
2015-04-12 11:16:23,916 - Using logger class org.apache.velocity.runtime.log.Log4JLogChute
2015-04-12 11:16:23,917 - Default ResourceManager initializing. (class org.apache.velocity.runtime.resource.ResourceManagerImpl)
2015-04-12 11:16:23,919 - ResourceLoader instantiated: org.apache.velocity.runtime.resource.loader.FileResourceLoader
2015-04-12 11:16:23,919 - Do unicode file recognition:  false
2015-04-12 11:16:23,919 - FileResourceLoader : adding path '.'
2015-04-12 11:16:23,925 - ResourceCache: initialized (class org.apache.velocity.runtime.resource.ResourceCacheImpl)
2015-04-12 11:16:23,926 - Loaded System Directive: org.apache.velocity.runtime.directive.Literal
2015-04-12 11:16:23,927 - Loaded System Directive: org.apache.velocity.runtime.directive.Macro
2015-04-12 11:16:23,927 - Loaded System Directive: org.apache.velocity.runtime.directive.Parse
2015-04-12 11:16:23,928 - Loaded System Directive: org.apache.velocity.runtime.directive.Include
2015-04-12 11:16:23,928 - Loaded System Directive: org.apache.velocity.runtime.directive.Foreach
2015-04-12 11:16:23,944 - Created '20' parsers.
2015-04-12 11:16:23,948 - Velocimacro : "velocimacro.library" is not set.  Trying default library: VM_global_library.vm
2015-04-12 11:16:23,948 - Velocimacro : Default library not found.
2015-04-12 11:16:23,948 - Velocimacro : allowInline = true : VMs can be defined inline in templates
2015-04-12 11:16:23,949 - Velocimacro : allowInlineToOverride = false : VMs defined inline may NOT replace previous VM definitions
2015-04-12 11:16:23,949 - Velocimacro : allowInlineLocal = false : VMs defined inline will be global in scope if allowed.
2015-04-12 11:16:23,949 - Velocimacro : autoload off : VM system will not automatically reload global library macros
